INFO:lib.data.aiData:Invoking Spark API...
INFO:lib.data.aiData:Invoking Spark API...
INFO:lib.data.aiData:Invoking Spark API...
INFO:callAI.Spark.spark:Invoking Spark API...
ERROR:callAI.Spark.spark:Expecting value: line 1 column 1 (char 0)
INFO:callAI.Spark.spark:Invoking Spark API...
INFO:lib.data.aiData:Invoking Spark API...
INFO:lib.data.aiData:Invoking Spark API...
ERROR:callAI.Spark.spark:Expecting value: line 1 column 1 (char 0)
INFO:lib.data.aiData:Invoking Spark API...
INFO:lib.data.aiData:Invoking Spark API...
WARNING:callAI.Spark.spark:ÇëÇóÊ§°Ü£¬×´Ì¬Âë£º307
INFO:lib.data.aiData:Invoking Spark API...
WARNING:callAI.Spark.spark:ÇëÇóÊ§°Ü£¬×´Ì¬Âë£º307
INFO:lib.data.aiData:Invoking Spark API...
INFO:lib.data.aiData:Invoking Spark API...
WARNING:callAI.Spark.spark:ÇëÇóÊ§°Ü£¬×´Ì¬Âë£º307
INFO:lib.data.aiData:Invoking Spark API...
INFO:lib.data.aiData:Invoking Spark API...
WARNING:callAI.Spark.spark:ÇëÇóÊ§°Ü£¬×´Ì¬Âë£º307
INFO:lib.data.aiData:Invoking Spark API...
INFO:lib.data.aiData:Invoking Spark API...
INFO:lib.data.aiData:Invoking Spark API...
INFO:lib.data.aiData:Invoking Spark API...
INFO:lib.data.aiData:Invoking Spark API...
WARNING:callAI.Spark.spark:ÇëÇóÊ§°Ü£¬×´Ì¬Âë£º500
INFO:lib.data.aiData:Invoking Spark API...
WARNING:callAI.Spark.spark:ÇëÇóÊ§°Ü£¬×´Ì¬Âë£º500
INFO:lib.data.aiData:Invoking Spark API...
WARNING:callAI.Spark.spark:ÇëÇóÊ§°Ü£¬×´Ì¬Âë£º500
INFO:lib.data.aiData:Invoking Spark API...
WARNING:callAI.Spark.spark:ÇëÇóÊ§°Ü£¬×´Ì¬Âë£º500
INFO:lib.data.aiData:Invoking Spark API...
INFO:lib.data.aiData:Invoking Spark API...
INFO:lib.data.aiData:Invoking Spark API...
INFO:lib.data.aiData:Invoking Spark API...
WARNING:callAI.Spark.spark:ÇëÇóÊ§°Ü£¬×´Ì¬Âë£º307
INFO:lib.data.aiData:Invoking Spark API...
INFO:lib.data.aiData:Invoking Spark API...
WARNING:callAI.Spark.spark:ÇëÇóÊ§°Ü£¬×´Ì¬Âë£º307
INFO:lib.data.aiData:Invoking Spark API...
INFO:lib.data.aiData:Invoking Spark API...
INFO:lib.data.aiData:Invoking Spark API...
WARNING:callAI.Spark.spark:Failed to request, STATUS_CODE: 404
INFO:lib.data.aiData:Invoking Spark API...
INFO:lib.data.aiData:Invoking Spark API...
ERROR:callAI.Spark.spark:Invalid type for url.  Expected str or httpx.URL, got <class 'NoneType'>: None
INFO:lib.data.aiData:Invoking Spark API...
INFO:lib.data.aiData:Invoking Spark API...
INFO:lib.data.aiData:Invoking Spark API...
INFO:lib.data.aiData:Invoking Spark API...
WARNING:callAI.Spark.spark:Failed to request, STATUS_CODE: 500
INFO:lib.data.aiData:Invoking Spark API...
INFO:lib.data.aiData:Invoking Spark API...
WARNING:callAI.Spark.spark:Failed to request, STATUS_CODE: 500
INFO:lib.data.aiData:Invoking Spark API...
INFO:lib.data.aiData:Invoking Spark API...
INFO:lib.data.aiData:Invoking Spark API...
INFO:lib.data.aiData:Invoking Spark API...
INFO:lib.data.aiData:Invoking Spark API...
INFO:lib.data.aiData:Invoking Spark API...
INFO:lib.data.aiData:Invoking Spark API...
INFO:lib.data.aiData:Invoking Spark API...
INFO:lib.data.aiData:Invoking Spark API...
WARNING:callAI.Spark.spark:Failed to request, STATUS_CODE: 400
INFO:lib.data.aiData:Invoking Spark API...
WARNING:callAI.Spark.spark:Failed to request, STATUS_CODE: 400
INFO:lib.data.aiData:Invoking Spark API...
INFO:lib.data.aiData:Invoking Spark API...
WARNING:callAI.Spark.spark:Failed to request, STATUS_CODE: 400
INFO:lib.data.aiData:Invoking Spark API...
INFO:lib.data.aiData:Invoking Spark API...
INFO:lib.data.aiData:Invoking Spark API...
WARNING:callAI.Spark.spark:Failed to request, STATUS_CODE: 400
INFO:lib.data.aiData:Invoking Spark API...
INFO:lib.data.aiData:Invoking Spark API...
WARNING:callAI.Spark.spark:Failed to request, STATUS_CODE: 400
INFO:lib.data.aiData:Invoking Spark API...
WARNING:callAI.Spark.spark:Failed to request, STATUS_CODE: 400
INFO:lib.data.aiData:Invoking Spark API...
INFO:lib.data.aiData:Invoking Spark API...
WARNING:callAI.Spark.spark:Failed to request, STATUS_CODE: 400
INFO:lib.data.aiData:Invoking Spark API...
INFO:lib.data.aiData:Invoking Spark API...
INFO:lib.data.aiData:Invoking Spark API...
